{
  "RSpec": {
    "coverage": {
      "/home/agile-spooling-2899/tic-tac-toe-rb-online-web-sp-000/lib/tic_tac_toe.rb": [
        1,
        null,
        2,
        2,
        2,
        2,
        2,
        null,
        null,
        null,
        1,
        12,
        null,
        null,
        1,
        3,
        null,
        null,
        1,
        108,
        67,
        null,
        41,
        null,
        null,
        null,
        1,
        12,
        9,
        null,
        3,
        null,
        null,
        null,
        1,
        9,
        null,
        null,
        1,
        9,
        9,
        9,
        9,
        8,
        0,
        null,
        1,
        null,
        null,
        null,
        1,
        10,
        10,
        90,
        5,
        null,
        null,
        10,
        null,
        null,
        null,
        1,
        null,
        null,
        null,
        null,
        null,
        null,
        null,
        null,
        null,
        1,
        57,
        272,
        272,
        272,
        null,
        272,
        272,
        272,
        null,
        272,
        38,
        null,
        null,
        19,
        null,
        null,
        1,
        97,
        7,
        null,
        8,
        null,
        null,
        null,
        1,
        17,
        7,
        0,
        0,
        10,
        10,
        null,
        null,
        null,
        1,
        11,
        8,
        null,
        3,
        null,
        null,
        null,
        1,
        10,
        9,
        null,
        null,
        null,
        1,
        0,
        0,
        0,
        0,
        null,
        null,
        null,
        1,
        12,
        6,
        null,
        6,
        4,
        4,
        2,
        2,
        null,
        null,
        null,
        null
      ]
    },
    "timestamp": 1606921489
  }
}
